<?xml version="1.0" encoding="UTF-8"?>
<!-- Generated by org.testng.reporters.JUnitXMLReporter -->
<testsuite ignored="1" hostname="LPT000381" failures="0" tests="1" name="Default test" time="4.446" errors="0" timestamp="2022-07-19T19:30:03 MSK">
  <testcase classname="cdsosobist.connectors.rest.ZUP3TestNGClient" name="testAll" time="3.854"/>
  <testcase classname="cdsosobist.connectors.rest.ZUP3TestNGClient" name="testByUid" time="0.0">
    <ignored/>
  </testcase> <!-- testByUid -->
</testsuite> <!-- Default test -->
