<?xml version="1.0" encoding="UTF-8"?>
<!-- Generated by org.testng.reporters.JUnitXMLReporter -->
<testsuite hostname="cds-1809016" ignored="2" name="Default test" tests="1" failures="0" timestamp="2022-02-17T20:08:06 MSK" time="29.414" errors="0">
  <testcase name="testFindAll" time="29.054" classname="cdsosobist.connectors.rest.testClient"/>
  <testcase name="testConn" time="0.0" classname="cdsosobist.connectors.rest.testClient">
    <ignored/>
  </testcase> <!-- testConn -->
  <testcase name="testByUid" time="0.0" classname="cdsosobist.connectors.rest.testClient">
    <ignored/>
  </testcase> <!-- testByUid -->
</testsuite> <!-- Default test -->
