<?xml version="1.0" encoding="UTF-8"?>
<testng-results skipped="0" failed="0" ignored="2" total="3" passed="1">
  <reporter-output>
  </reporter-output>
  <suite name="Default suite" duration-ms="29414" started-at="2022-02-17T20:07:36 MSK" finished-at="2022-02-17T20:08:06 MSK">
    <groups>
    </groups>
    <test name="Default test" duration-ms="29414" started-at="2022-02-17T20:07:36 MSK" finished-at="2022-02-17T20:08:06 MSK">
      <class name="cdsosobist.connectors.rest.testClient">
        <test-method status="PASS" signature="setUp()[pri:0, instance:cdsosobist.connectors.rest.testClient@6ee52dcd]" name="setUp" is-config="true" duration-ms="335" started-at="2022-02-17T20:07:36 MSK" finished-at="2022-02-17T20:07:37 MSK">
          <reporter-output>
          </reporter-output>
        </test-method> <!-- setUp -->
        <test-method status="PASS" signature="testFindAll()[pri:0, instance:cdsosobist.connectors.rest.testClient@6ee52dcd]" name="testFindAll" duration-ms="29054" started-at="2022-02-17T20:07:37 MSK" finished-at="2022-02-17T20:08:06 MSK">
          <reporter-output>
          </reporter-output>
        </test-method> <!-- testFindAll -->
      </class> <!-- cdsosobist.connectors.rest.testClient -->
    </test> <!-- Default test -->
  </suite> <!-- Default suite -->
</testng-results>
