<?xml version="1.0" encoding="UTF-8"?>
<testng-results ignored="1" total="2" passed="1" failed="0" skipped="0">
  <reporter-output>
  </reporter-output>
  <suite started-at="2022-07-19T19:29:59 MSK" name="Default suite" finished-at="2022-07-19T19:30:03 MSK" duration-ms="4446">
    <groups>
    </groups>
    <test started-at="2022-07-19T19:29:59 MSK" name="Default test" finished-at="2022-07-19T19:30:03 MSK" duration-ms="4446">
      <class name="cdsosobist.connectors.rest.ZUP3TestNGClient">
        <test-method is-config="true" signature="setUp()[pri:0, instance:cdsosobist.connectors.rest.ZUP3TestNGClient@20ccf40b]" started-at="2022-07-19T19:29:59 MSK" name="setUp" finished-at="2022-07-19T19:29:59 MSK" duration-ms="451" status="PASS">
          <reporter-output>
          </reporter-output>
        </test-method> <!-- setUp -->
        <test-method signature="testAll()[pri:0, instance:cdsosobist.connectors.rest.ZUP3TestNGClient@20ccf40b]" started-at="2022-07-19T19:29:59 MSK" name="testAll" finished-at="2022-07-19T19:30:03 MSK" duration-ms="3854" status="PASS">
          <reporter-output>
          </reporter-output>
        </test-method> <!-- testAll -->
      </class> <!-- cdsosobist.connectors.rest.ZUP3TestNGClient -->
    </test> <!-- Default test -->
  </suite> <!-- Default suite -->
</testng-results>
