<?xml version="1.0" encoding="UTF-8"?>
<testng-results skipped="0" failed="0" ignored="0" total="1" passed="1">
  <reporter-output>
  </reporter-output>
  <suite name="Default suite" duration-ms="915" started-at="2022-06-30T17:58:50 MSK" finished-at="2022-06-30T17:58:51 MSK">
    <groups>
    </groups>
    <test name="Default test" duration-ms="915" started-at="2022-06-30T17:58:50 MSK" finished-at="2022-06-30T17:58:51 MSK">
      <class name="cdsosobist.connectors.rest.ZUP3TestNGClient">
        <test-method status="PASS" signature="setUp()[pri:0, instance:cdsosobist.connectors.rest.ZUP3TestNGClient@6ee52dcd]" name="setUp" is-config="true" duration-ms="301" started-at="2022-06-30T17:58:50 MSK" finished-at="2022-06-30T17:58:50 MSK">
          <reporter-output>
          </reporter-output>
        </test-method> <!-- setUp -->
        <test-method status="PASS" signature="testByUid()[pri:0, instance:cdsosobist.connectors.rest.ZUP3TestNGClient@6ee52dcd]" name="testByUid" duration-ms="593" started-at="2022-06-30T17:58:50 MSK" finished-at="2022-06-30T17:58:51 MSK">
          <reporter-output>
          </reporter-output>
        </test-method> <!-- testByUid -->
      </class> <!-- cdsosobist.connectors.rest.ZUP3TestNGClient -->
    </test> <!-- Default test -->
  </suite> <!-- Default suite -->
</testng-results>
